#
# There is insufficient memory for the Java Runtime Environment to continue.
# Native memory allocation (malloc) failed to allocate 52428800 bytes for committing reserved memory.
# Possible reasons:
#   The system is out of physical RAM or swap space
#   In 32 bit mode, the process size limit was hit
# Possible solutions:
#   Reduce memory load on the system
#   Increase physical memory or swap space
#   Check if swap backing store is full
#   Use 64 bit Java on a 64 bit OS
#   Decrease Java heap size (-Xmx/-Xms)
#   Decrease number of Java threads
#   Decrease Java thread stack sizes (-Xss)
#   Set larger code cache with -XX:ReservedCodeCacheSize=
# This output file may be truncated or incomplete.
#
#  Out of Memory Error (os_linux.cpp:2756), pid=4363, tid=139780408391424
#
# JRE version: Java(TM) SE Runtime Environment (7.0_80-b15) (build 1.7.0_80-b15)
# Java VM: Java HotSpot(TM) 64-Bit Server VM (24.80-b11 mixed mode linux-amd64 compressed oops)
# Failed to write core dump. Core dumps have been disabled. To enable core dumping, try "ulimit -c unlimited" before starting Java again
#

---------------  T H R E A D  ---------------

Current thread (0x00007f213406b800):  VMThread [stack: 0x00007f212986b000,0x00007f212996c000] [id=4374]

Stack: [0x00007f212986b000,0x00007f212996c000],  sp=0x00007f212996a000,  free space=1020k
Native frames: (J=compiled Java code, j=interpreted, Vv=VM code, C=native code)
V  [libjvm.so+0x9a320a]  VMError::report_and_die()+0x2ea
V  [libjvm.so+0x498d3b]  report_vm_out_of_memory(char const*, int, unsigned long, char const*)+0x9b
V  [libjvm.so+0x82191e]  os::Linux::commit_memory_impl(char*, unsigned long, bool)+0xfe
V  [libjvm.so+0x821e69]  os::pd_commit_memory(char*, unsigned long, unsigned long, bool)+0x29
V  [libjvm.so+0x81bb6a]  os::commit_memory(char*, unsigned long, unsigned long, bool)+0x2a
V  [libjvm.so+0x88d623]  PSVirtualSpace::expand_by(unsigned long)+0x53
V  [libjvm.so+0x88e9f8]  PSYoungGen::resize_generation(unsigned long, unsigned long)+0xf8
V  [libjvm.so+0x88db62]  PSYoungGen::resize(unsigned long, unsigned long)+0x22
V  [libjvm.so+0x88af1d]  PSScavenge::invoke_no_policy()+0xf3d
V  [libjvm.so+0x88b761]  PSScavenge::invoke()+0x41
V  [libjvm.so+0x843f40]  ParallelScavengeHeap::failed_mem_allocate(unsigned long)+0x70
V  [libjvm.so+0x9a4a97]  VM_ParallelGCFailedAllocation::doit()+0x97
V  [libjvm.so+0x9abf35]  VM_Operation::evaluate()+0x55
V  [libjvm.so+0x9aa2fa]  VMThread::evaluate_operation(VM_Operation*)+0xba
V  [libjvm.so+0x9aa67e]  VMThread::loop()+0x1ce
V  [libjvm.so+0x9aaaf0]  VMThread::run()+0x70
V  [libjvm.so+0x8238c8]  java_start(Thread*)+0x108

VM_Operation (0x00007f213b76b3a0): ParallelGCFailedAllocation, mode: safepoint, requested by thread 0x00007f213400c000


---------------  P R O C E S S  ---------------

Java Threads: ( => current thread )
  0x00007f213409b000 JavaThread "Service Thread" daemon [_thread_blocked, id=4380, stack(0x00007f2128d28000,0x00007f2128e29000)]
  0x00007f2134099000 JavaThread "C2 CompilerThread1" daemon [_thread_blocked, id=4379, stack(0x00007f2128e29000,0x00007f2128f2a000)]
  0x00007f2134096000 JavaThread "C2 CompilerThread0" daemon [_thread_blocked, id=4378, stack(0x00007f2128f2a000,0x00007f212902b000)]
  0x00007f2134093800 JavaThread "Signal Dispatcher" daemon [_thread_blocked, id=4377, stack(0x00007f212902b000,0x00007f212912c000)]
  0x00007f2134072000 JavaThread "Finalizer" daemon [_thread_blocked, id=4376, stack(0x00007f2129669000,0x00007f212976a000)]
  0x00007f2134070000 JavaThread "Reference Handler" daemon [_thread_blocked, id=4375, stack(0x00007f212976a000,0x00007f212986b000)]
  0x00007f213400c000 JavaThread "main" [_thread_blocked, id=4369, stack(0x00007f213b66c000,0x00007f213b76d000)]

Other Threads:
=>0x00007f213406b800 VMThread [stack: 0x00007f212986b000,0x00007f212996c000] [id=4374]
  0x00007f21340a6000 WatcherThread [stack: 0x00007f2128c27000,0x00007f2128d28000] [id=4381]

VM state:at safepoint (normal execution)

VM Mutex/Monitor currently owned by a thread:  ([mutex/lock_event])
[0x00007f2134008210] Threads_lock - owner thread: 0x00007f213406b800
[0x00007f2134008710] Heap_lock - owner thread: 0x00007f213400c000

Heap
 PSYoungGen      total 256000K, used 15434K [0x00000000eaa80000, 0x00000000fce00000, 0x0000000100000000)
  eden space 238592K, 0% used [0x00000000eaa80000,0x00000000eaa80000,0x00000000f9380000)
  from space 17408K, 88% used [0x00000000f9380000,0x00000000fa292808,0x00000000fa480000)
  to   space 17920K, 0% used [0x00000000fa480000,0x00000000fa480000,0x00000000fb600000)
 ParOldGen       total 52736K, used 43159K [0x00000000c0000000, 0x00000000c3380000, 0x00000000eaa80000)
  object space 52736K, 81% used [0x00000000c0000000,0x00000000c2a25f28,0x00000000c3380000)
 PSPermGen       total 21504K, used 7057K [0x00000000bae00000, 0x00000000bc300000, 0x00000000c0000000)
  object space 21504K, 32% used [0x00000000bae00000,0x00000000bb4e4778,0x00000000bc300000)

Card table byte_map: [0x00007f213872d000,0x00007f2138957000] byte_map_base: 0x00007f2138156000

Polling page: 0x00007f213b78f000

Code Cache  [0x00007f2131000000, 0x00007f2131270000, 0x00007f2134000000)
 total_blobs=1022 nmethods=772 adapters=204 free_code_cache=47033Kb largest_free_block=48122816

Compilation events (10 events):
Event: 7.817 Thread 0x00007f2134099000  816             com.android.dx.merge.DexMerger$1::write (9 bytes)
Event: 7.817 Thread 0x00007f2134096000  817             com.android.dx.merge.DexMerger$1::write (51 bytes)
Event: 7.855 Thread 0x00007f2134096000 nmethod 817 0x00007f21311b5250 code [0x00007f21311b5460, 0x00007f21311b5cf8]
Event: 7.855 Thread 0x00007f2134099000 nmethod 816 0x00007f2131216790 code [0x00007f21312169a0, 0x00007f2131217298]
Event: 7.855 Thread 0x00007f2134096000  818   !         com.android.dex.Dex$Section::writeStringData (36 bytes)
Event: 7.855 Thread 0x00007f2134099000  819             com.android.dex.Mutf8::encode (19 bytes)
Event: 7.863 Thread 0x00007f2134099000 nmethod 819 0x00007f21311a4150 code [0x00007f21311a42c0, 0x00007f21311a4608]
Event: 7.868 Thread 0x00007f2134096000 nmethod 818 0x00007f21311b7c50 code [0x00007f21311b7e20, 0x00007f21311b84b8]
Event: 7.932 Thread 0x00007f2134099000  820             java.lang.Math::min (46 bytes)
Event: 7.932 Thread 0x00007f2134099000 nmethod 820 0x00007f21312163d0 code [0x00007f2131216540, 0x00007f2131216658]

GC Heap History (10 events):
Event: 6.444 GC heap after
Heap after GC invocations=9 (full 0):
 PSYoungGen      total 134656K, used 13409K [0x00000000eaa80000, 0x00000000f8500000, 0x0000000100000000)
  eden space 119296K, 0% used [0x00000000eaa80000,0x00000000eaa80000,0x00000000f1f00000)
  from space 15360K, 87% used [0x00000000f1f00000,0x00000000f2c187d0,0x00000000f2e00000)
  to   space 16384K, 0% used [0x00000000f7500000,0x00000000f7500000,0x00000000f8500000)
 ParOldGen       total 43520K, used 43386K [0x00000000c0000000, 0x00000000c2a80000, 0x00000000eaa80000)
  object space 43520K, 99% used [0x00000000c0000000,0x00000000c2a5eb78,0x00000000c2a80000)
 PSPermGen       total 21504K, used 7048K [0x00000000bae00000, 0x00000000bc300000, 0x00000000c0000000)
  object space 21504K, 32% used [0x00000000bae00000,0x00000000bb4e21f0,0x00000000bc300000)
}
Event: 6.444 GC heap before
{Heap before GC invocations=10 (full 1):
 PSYoungGen      total 134656K, used 13409K [0x00000000eaa80000, 0x00000000f8500000, 0x0000000100000000)
  eden space 119296K, 0% used [0x00000000eaa80000,0x00000000eaa80000,0x00000000f1f00000)
  from space 15360K, 87% used [0x00000000f1f00000,0x00000000f2c187d0,0x00000000f2e00000)
  to   space 16384K, 0% used [0x00000000f7500000,0x00000000f7500000,0x00000000f8500000)
 ParOldGen       total 43520K, used 43386K [0x00000000c0000000, 0x00000000c2a80000, 0x00000000eaa80000)
  object space 43520K, 99% used [0x00000000c0000000,0x00000000c2a5eb78,0x00000000c2a80000)
 PSPermGen       total 21504K, used 7048K [0x00000000bae00000, 0x00000000bc300000, 0x00000000c0000000)
  object space 21504K, 32% used [0x00000000bae00000,0x00000000bb4e21f0,0x00000000bc300000)
Event: 6.574 GC heap after
Heap after GC invocations=10 (full 1):
 PSYoungGen      total 134656K, used 0K [0x00000000eaa80000, 0x00000000f8500000, 0x0000000100000000)
  eden space 119296K, 0% used [0x00000000eaa80000,0x00000000eaa80000,0x00000000f1f00000)
  from space 15360K, 0% used [0x00000000f1f00000,0x00000000f1f00000,0x00000000f2e00000)
  to   space 16384K, 0% used [0x00000000f7500000,0x00000000f7500000,0x00000000f8500000)
 ParOldGen       total 52736K, used 19176K [0x00000000c0000000, 0x00000000c3380000, 0x00000000eaa80000)
  object space 52736K, 36% used [0x00000000c0000000,0x00000000c12ba1f8,0x00000000c3380000)
 PSPermGen       total 21504K, used 7045K [0x00000000bae00000, 0x00000000bc300000, 0x00000000c0000000)
  object space 21504K, 32% used [0x00000000bae00000,0x00000000bb4e15b0,0x00000000bc300000)
}
Event: 6.824 GC heap before
{Heap before GC invocations=11 (full 1):
 PSYoungGen      total 134656K, used 117190K [0x00000000eaa80000, 0x00000000f8500000, 0x0000000100000000)
  eden space 119296K, 98% used [0x00000000eaa80000,0x00000000f1cf1a78,0x00000000f1f00000)
  from space 15360K, 0% used [0x00000000f1f00000,0x00000000f1f00000,0x00000000f2e00000)
  to   space 16384K, 0% used [0x00000000f7500000,0x00000000f7500000,0x00000000f8500000)
 ParOldGen       total 52736K, used 19176K [0x00000000c0000000, 0x00000000c3380000, 0x00000000eaa80000)
  object space 52736K, 36% used [0x00000000c0000000,0x00000000c12ba1f8,0x00000000c3380000)
 PSPermGen       total 21504K, used 7048K [0x00000000bae00000, 0x00000000bc300000, 0x00000000c0000000)
  object space 21504K, 32% used [0x00000000bae00000,0x00000000bb4e23e0,0x00000000bc300000)
Event: 6.885 GC heap after
Heap after GC invocations=11 (full 1):
 PSYoungGen      total 175104K, used 10133K [0x00000000eaa80000, 0x00000000f7f00000, 0x0000000100000000)
  eden space 164864K, 0% used [0x00000000eaa80000,0x00000000eaa80000,0x00000000f4b80000)
  from space 10240K, 98% used [0x00000000f7500000,0x00000000f7ee55b0,0x00000000f7f00000)
  to   space 16384K, 0% used [0x00000000f5f00000,0x00000000f5f00000,0x00000000f6f00000)
 ParOldGen       total 52736K, used 19176K [0x00000000c0000000, 0x00000000c3380000, 0x00000000eaa80000)
  object space 52736K, 36% used [0x00000000c0000000,0x00000000c12ba1f8,0x00000000c3380000)
 PSPermGen       total 21504K, used 7048K [0x00000000bae00000, 0x00000000bc300000, 0x00000000c0000000)
  object space 21504K, 32% used [0x00000000bae00000,0x00000000bb4e23e0,0x00000000bc300000)
}
Event: 7.236 GC heap before
{Heap before GC invocations=12 (full 1):
 PSYoungGen      total 175104K, used 174997K [0x00000000eaa80000, 0x00000000f7f00000, 0x0000000100000000)
  eden space 164864K, 100% used [0x00000000eaa80000,0x00000000f4b80000,0x00000000f4b80000)
  from space 10240K, 98% used [0x00000000f7500000,0x00000000f7ee55b0,0x00000000f7f00000)
  to   space 16384K, 0% used [0x00000000f5f00000,0x00000000f5f00000,0x00000000f6f00000)
 ParOldGen       total 52736K, used 19176K [0x00000000c0000000, 0x00000000c3380000, 0x00000000eaa80000)
  object space 52736K, 36% used [0x00000000c0000000,0x00000000c12ba1f8,0x00000000c3380000)
 PSPermGen       total 21504K, used 7052K [0x00000000bae00000, 0x00000000bc300000, 0x00000000c0000000)
  object space 21504K, 32% used [0x00000000bae00000,0x00000000bb4e32c8,0x00000000bc300000)
Event: 7.290 GC heap after
Heap after GC invocations=12 (full 1):
 PSYoungGen      total 201216K, used 15222K [0x00000000eaa80000, 0x00000000fb600000, 0x0000000100000000)
  eden space 184832K, 0% used [0x00000000eaa80000,0x00000000eaa80000,0x00000000f5f00000)
  from space 16384K, 92% used [0x00000000f5f00000,0x00000000f6ddd9c0,0x00000000f6f00000)
  to   space 17920K, 0% used [0x00000000fa480000,0x00000000fa480000,0x00000000fb600000)
 ParOldGen       total 52736K, used 23468K [0x00000000c0000000, 0x00000000c3380000, 0x00000000eaa80000)
  object space 52736K, 44% used [0x00000000c0000000,0x00000000c16eb2a0,0x00000000c3380000)
 PSPermGen       total 21504K, used 7052K [0x00000000bae00000, 0x00000000bc300000, 0x00000000c0000000)
  object space 21504K, 32% used [0x00000000bae00000,0x00000000bb4e32c8,0x00000000bc300000)
}
Event: 7.714 GC heap before
{Heap before GC invocations=13 (full 1):
 PSYoungGen      total 201216K, used 196689K [0x00000000eaa80000, 0x00000000fb600000, 0x0000000100000000)
  eden space 184832K, 98% used [0x00000000eaa80000,0x00000000f5bb6cd8,0x00000000f5f00000)
  from space 16384K, 92% used [0x00000000f5f00000,0x00000000f6ddd9c0,0x00000000f6f00000)
  to   space 17920K, 0% used [0x00000000fa480000,0x00000000fa480000,0x00000000fb600000)
 ParOldGen       total 52736K, used 23468K [0x00000000c0000000, 0x00000000c3380000, 0x00000000eaa80000)
  object space 52736K, 44% used [0x00000000c0000000,0x00000000c16eb2a0,0x00000000c3380000)
 PSPermGen       total 21504K, used 7055K [0x00000000bae00000, 0x00000000bc300000, 0x00000000c0000000)
  object space 21504K, 32% used [0x00000000bae00000,0x00000000bb4e3c10,0x00000000bc300000)
Event: 7.728 GC heap after
Heap after GC invocations=13 (full 1):
 PSYoungGen      total 256512K, used 9327K [0x00000000eaa80000, 0x00000000fce00000, 0x0000000100000000)
  eden space 238592K, 0% used [0x00000000eaa80000,0x00000000eaa80000,0x00000000f9380000)
  from space 17920K, 52% used [0x00000000fa480000,0x00000000fad9beb0,0x00000000fb600000)
  to   space 17408K, 0% used [0x00000000f9380000,0x00000000f9380000,0x00000000fa480000)
 ParOldGen       total 52736K, used 23476K [0x00000000c0000000, 0x00000000c3380000, 0x00000000eaa80000)
  object space 52736K, 44% used [0x00000000c0000000,0x00000000c16ed2a0,0x00000000c3380000)
 PSPermGen       total 21504K, used 7055K [0x00000000bae00000, 0x00000000bc300000, 0x00000000c0000000)
  object space 21504K, 32% used [0x00000000bae00000,0x00000000bb4e3c10,0x00000000bc300000)
}
Event: 8.314 GC heap before
{Heap before GC invocations=14 (full 1):
 PSYoungGen      total 256512K, used 247919K [0x00000000eaa80000, 0x00000000fce00000, 0x0000000100000000)
  eden space 238592K, 100% used [0x00000000eaa80000,0x00000000f9380000,0x00000000f9380000)
  from space 17920K, 52% used [0x00000000fa480000,0x00000000fad9beb0,0x00000000fb600000)
  to   space 17408K, 0% used [0x00000000f9380000,0x00000000f9380000,0x00000000fa480000)
 ParOldGen       total 52736K, used 23476K [0x00000000c0000000, 0x00000000c3380000, 0x00000000eaa80000)
  object space 52736K, 44% used [0x00000000c0000000,0x00000000c16ed2a0,0x00000000c3380000)
 PSPermGen       total 21504K, used 7057K [0x00000000bae00000, 0x00000000bc300000, 0x00000000c0000000)
  object space 21504K, 32% used [0x00000000bae00000,0x00000000bb4e4778,0x00000000bc300000)

Deoptimization events (10 events):
Event: 6.057 Thread 0x00007f213400c000 Uncommon trap: reason=array_check action=maybe_recompile pc=0x00007f21311c8090 method=java.util.ComparableTimSort.binarySort([Ljava/lang/Object;III)V @ 183
Event: 6.081 Thread 0x00007f213400c000 Uncommon trap: reason=unstable_if action=reinterpret pc=0x00007f21311ccc3c method=java.util.ComparableTimSort.mergeHi(IIII)V @ 569
Event: 6.906 Thread 0x00007f213400c000 Uncommon trap: reason=unstable_if action=reinterpret pc=0x00007f2131203b54 method=java.util.ComparableTimSort.mergeLo(IIII)V @ 506
Event: 7.730 Thread 0x00007f213400c000 Uncommon trap: reason=unstable_if action=reinterpret pc=0x00007f213114f5f8 method=com.android.dex.Mutf8.decode(Lcom/android/dex/util/ByteInput;[C)Ljava/lang/String; @ 37
Event: 7.730 Thread 0x00007f213400c000 Uncommon trap: reason=unstable_if action=reinterpret pc=0x00007f21310a5314 method=com.android.dex.Mutf8.countBytes(Ljava/lang/String;Z)J @ 35
Event: 7.730 Thread 0x00007f213400c000 Uncommon trap: reason=unstable_if action=reinterpret pc=0x00007f213115375c method=com.android.dex.Mutf8.encode([BILjava/lang/String;)V @ 31
Event: 7.730 Thread 0x00007f213400c000 Uncommon trap: reason=unstable_if action=reinterpret pc=0x00007f21310d1658 method=com.android.dex.Mutf8.countBytes(Ljava/lang/String;Z)J @ 35
Event: 7.730 Thread 0x00007f213400c000 Uncommon trap: reason=unstable_if action=reinterpret pc=0x00007f21310ce2ec method=com.android.dex.Mutf8.countBytes(Ljava/lang/String;Z)J @ 35
Event: 7.730 Thread 0x00007f213400c000 Uncommon trap: reason=unstable_if action=reinterpret pc=0x00007f2131179720 method=com.android.dex.Mutf8.countBytes(Ljava/lang/String;Z)J @ 35
Event: 7.731 Thread 0x00007f213400c000 Uncommon trap: reason=unstable_if action=reinterpret pc=0x00007f2131153dd8 method=com.android.dex.Mutf8.countBytes(Ljava/lang/String;Z)J @ 35

Internal exceptions (10 events):
Event: 4.391 Thread 0x00007f213400c000 Threw 0x00000000ead783c8 at /HUDSON/workspace/7u-2-build-linux-amd64/jdk7u80/2329/hotspot/src/share/vm/prims/jvm.cpp:1319
Event: 4.391 Thread 0x00007f213400c000 Threw 0x00000000ead7b1f0 at /HUDSON/workspace/7u-2-build-linux-amd64/jdk7u80/2329/hotspot/src/share/vm/prims/jvm.cpp:1319
Event: 4.392 Thread 0x00007f213400c000 Threw 0x00000000ead7e500 at /HUDSON/workspace/7u-2-build-linux-amd64/jdk7u80/2329/hotspot/src/share/vm/prims/jvm.cpp:1319
Event: 4.394 Thread 0x00007f213400c000 Threw 0x00000000eadc5510 at /HUDSON/workspace/7u-2-build-linux-amd64/jdk7u80/2329/hotspot/src/share/vm/prims/jvm.cpp:1319
Event: 4.394 Thread 0x00007f213400c000 Threw 0x00000000eadc7508 at /HUDSON/workspace/7u-2-build-linux-amd64/jdk7u80/2329/hotspot/src/share/vm/prims/jvm.cpp:1319
Event: 4.521 Thread 0x00007f213400c000 Threw 0x00000000eae8e9f8 at /HUDSON/workspace/7u-2-build-linux-amd64/jdk7u80/2329/hotspot/src/share/vm/prims/jvm.cpp:1319
Event: 4.521 Thread 0x00007f213400c000 Threw 0x00000000eae8eb20 at /HUDSON/workspace/7u-2-build-linux-amd64/jdk7u80/2329/hotspot/src/share/vm/prims/jvm.cpp:1319
Event: 4.521 Thread 0x00007f213400c000 Threw 0x00000000eae90e90 at /HUDSON/workspace/7u-2-build-linux-amd64/jdk7u80/2329/hotspot/src/share/vm/prims/jvm.cpp:1319
Event: 4.521 Thread 0x00007f213400c000 Threw 0x00000000eae90fb8 at /HUDSON/workspace/7u-2-build-linux-amd64/jdk7u80/2329/hotspot/src/share/vm/prims/jvm.cpp:1319
Event: 5.038 Thread 0x00007f213400c000 Threw 0x00000000ec5afff0 at /HUDSON/workspace/7u-2-build-linux-amd64/jdk7u80/2329/hotspot/src/share/vm/prims/jvm.cpp:1319

Events (10 events):
Event: 7.730 Thread 0x00007f213400c000 Uncommon trap: trap_request=0xffffff75 fr.pc=0x00007f2131179720
Event: 7.730 Thread 0x00007f213400c000 DEOPT PACKING pc=0x00007f2131179720 sp=0x00007f213b76b460
Event: 7.730 Thread 0x00007f213400c000 DEOPT UNPACKING pc=0x00007f2131039045 sp=0x00007f213b76b3b8 mode 2
Event: 7.731 Thread 0x00007f213400c000 Uncommon trap: trap_request=0xffffff75 fr.pc=0x00007f2131153dd8
Event: 7.731 Thread 0x00007f213400c000 DEOPT PACKING pc=0x00007f2131153dd8 sp=0x00007f213b76b400
Event: 7.731 Thread 0x00007f213400c000 DEOPT UNPACKING pc=0x00007f2131039045 sp=0x00007f213b76b3b8 mode 2
Event: 7.786 Thread 0x00007f2134099000 flushing nmethod 0x00007f21311a4150
Event: 7.786 Thread 0x00007f2134099000 flushing nmethod 0x00007f21311b5250
Event: 7.786 Thread 0x00007f2134099000 flushing nmethod 0x00007f21311bf0d0
Event: 8.314 Executing VM operation: ParallelGCFailedAllocation


Dynamic libraries:
00400000-00401000 r-xp 00000000 08:04 3023052                            /usr/lib/jvm/java-7-oracle/bin/java
00600000-00601000 rw-p 00000000 08:04 3023052                            /usr/lib/jvm/java-7-oracle/bin/java
01a91000-01ab2000 rw-p 00000000 00:00 0                                  [heap]
bae00000-bc300000 rw-p 00000000 00:00 0 
bc300000-c0000000 rw-p 00000000 00:00 0 
c0000000-c3380000 rw-p 00000000 00:00 0 
c3380000-eaa80000 rw-p 00000000 00:00 0 
eaa80000-fce00000 rw-p 00000000 00:00 0 
7f20f4000000-7f20f4021000 rw-p 00000000 00:00 0 
7f20f4021000-7f20f8000000 ---p 00000000 00:00 0 
7f20fc000000-7f20fd029000 rw-p 00000000 00:00 0 
7f20fd029000-7f2100000000 ---p 00000000 00:00 0 
7f2100000000-7f2100021000 rw-p 00000000 00:00 0 
7f2100021000-7f2104000000 ---p 00000000 00:00 0 
7f2104000000-7f2104021000 rw-p 00000000 00:00 0 
7f2104021000-7f2108000000 ---p 00000000 00:00 0 
7f2108000000-7f210961e000 rw-p 00000000 00:00 0 
7f210961e000-7f210c000000 ---p 00000000 00:00 0 
7f210c000000-7f210c021000 rw-p 00000000 00:00 0 
7f210c021000-7f2110000000 ---p 00000000 00:00 0 
7f2110000000-7f2110021000 rw-p 00000000 00:00 0 
7f2110021000-7f2114000000 ---p 00000000 00:00 0 
7f2114000000-7f2114021000 rw-p 00000000 00:00 0 
7f2114021000-7f2118000000 ---p 00000000 00:00 0 
7f2118000000-7f211825a000 rw-p 00000000 00:00 0 
7f211825a000-7f211c000000 ---p 00000000 00:00 0 
7f211c000000-7f211c021000 rw-p 00000000 00:00 0 
7f211c021000-7f2120000000 ---p 00000000 00:00 0 
7f2124000000-7f2124021000 rw-p 00000000 00:00 0 
7f2124021000-7f2128000000 ---p 00000000 00:00 0 
7f21284fe000-7f21287ff000 rw-p 00000000 00:00 0 
7f21287ff000-7f2128816000 r-xp 00000000 08:04 2237087                    /usr/lib/jvm/java-7-oracle/jre/lib/amd64/libnet.so
7f2128816000-7f2128a15000 ---p 00017000 08:04 2237087                    /usr/lib/jvm/java-7-oracle/jre/lib/amd64/libnet.so
7f2128a15000-7f2128a16000 rw-p 00016000 08:04 2237087                    /usr/lib/jvm/java-7-oracle/jre/lib/amd64/libnet.so
7f2128a16000-7f2128a26000 r-xp 00000000 08:04 2230713                    /usr/lib/jvm/java-7-oracle/jre/lib/amd64/libnio.so
7f2128a26000-7f2128c26000 ---p 00010000 08:04 2230713                    /usr/lib/jvm/java-7-oracle/jre/lib/amd64/libnio.so
7f2128c26000-7f2128c27000 rw-p 00010000 08:04 2230713                    /usr/lib/jvm/java-7-oracle/jre/lib/amd64/libnio.so
7f2128c27000-7f2128c28000 ---p 00000000 00:00 0 
7f2128c28000-7f2128d28000 rw-p 00000000 00:00 0                          [stack:4381]
7f2128d28000-7f2128d2b000 ---p 00000000 00:00 0 
7f2128d2b000-7f2128e29000 rw-p 00000000 00:00 0                          [stack:4380]
7f2128e29000-7f2128e2c000 ---p 00000000 00:00 0 
7f2128e2c000-7f2128f2a000 rw-p 00000000 00:00 0                          [stack:4379]
7f2128f2a000-7f2128f2d000 ---p 00000000 00:00 0 
7f2128f2d000-7f212902b000 rw-p 00000000 00:00 0                          [stack:4378]
7f212902b000-7f212902e000 ---p 00000000 00:00 0 
7f212902e000-7f212912c000 rw-p 00000000 00:00 0                          [stack:4377]
7f212912c000-7f2129669000 r--p 00000000 08:04 2235984                    /usr/lib/locale/locale-archive
7f2129669000-7f212966c000 ---p 00000000 00:00 0 
7f212966c000-7f212976a000 rw-p 00000000 00:00 0                          [stack:4376]
7f212976a000-7f212976d000 ---p 00000000 00:00 0 
7f212976d000-7f212986b000 rw-p 00000000 00:00 0                          [stack:4375]
7f212986b000-7f212986c000 ---p 00000000 00:00 0 
7f212986c000-7f212c000000 rw-p 00000000 00:00 0                          [stack:4374]
7f212c000000-7f212c021000 rw-p 00000000 00:00 0 
7f212c021000-7f2130000000 ---p 00000000 00:00 0 
7f213009d000-7f21300a4000 r--s 00000000 08:04 2490772                    /usr/lib/x86_64-linux-gnu/gconv/gconv-modules.cache
7f21300a4000-7f21300ca000 r--p 00000000 08:04 2631538                    /usr/share/locale-langpack/es/LC_MESSAGES/libc.mo
7f21300ca000-7f2130c17000 rw-p 00000000 00:00 0 
7f2130c17000-7f2130dd7000 r--s 039fb000 08:04 2243551                    /usr/lib/jvm/java-7-oracle/jre/lib/rt.jar
7f2130dd7000-7f2131000000 rw-p 00000000 00:00 0 
7f2131000000-7f2131270000 rwxp 00000000 00:00 0 
7f2131270000-7f2134253000 rw-p 00000000 00:00 0 
7f2134253000-7f2138000000 ---p 00000000 00:00 0 
7f2138003000-7f21381aa000 rw-p 00000000 00:00 0 
7f21381aa000-7f21381ab000 ---p 00000000 00:00 0 
7f21381ab000-7f21382ab000 rw-p 00000000 00:00 0                          [stack:4373]
7f21382ab000-7f21382ac000 ---p 00000000 00:00 0 
7f21382ac000-7f21383ac000 rw-p 00000000 00:00 0                          [stack:4372]
7f21383ac000-7f21383ad000 ---p 00000000 00:00 0 
7f21383ad000-7f21384ad000 rw-p 00000000 00:00 0                          [stack:4371]
7f21384ad000-7f21384ae000 ---p 00000000 00:00 0 
7f21384ae000-7f21385b9000 rw-p 00000000 00:00 0                          [stack:4370]
7f21385b9000-7f21385d7000 rw-p 00000000 00:00 0 
7f21385d7000-7f21385f1000 rw-p 00000000 00:00 0 
7f21385f1000-7f213872d000 rw-p 00000000 00:00 0 
7f213872d000-7f2138738000 rw-p 00000000 00:00 0 
7f2138738000-7f2138756000 rw-p 00000000 00:00 0 
7f2138756000-7f2138770000 rw-p 00000000 00:00 0 
7f2138770000-7f21388ab000 rw-p 00000000 00:00 0 
7f21388ab000-7f213893d000 rw-p 00000000 00:00 0 
7f213893d000-7f2138956000 rw-p 00000000 00:00 0 
7f2138956000-7f2138957000 rw-p 00000000 00:00 0 
7f2138957000-7f213896e000 r-xp 00000000 08:04 2237022                    /usr/lib/jvm/java-7-oracle/jre/lib/amd64/libzip.so
7f213896e000-7f2138b6e000 ---p 00017000 08:04 2237022                    /usr/lib/jvm/java-7-oracle/jre/lib/amd64/libzip.so
7f2138b6e000-7f2138b6f000 rw-p 00017000 08:04 2237022                    /usr/lib/jvm/java-7-oracle/jre/lib/amd64/libzip.so
7f2138b6f000-7f2138b7b000 r-xp 00000000 08:04 1052925                    /lib/x86_64-linux-gnu/libnss_files-2.21.so
7f2138b7b000-7f2138d7a000 ---p 0000c000 08:04 1052925                    /lib/x86_64-linux-gnu/libnss_files-2.21.so
7f2138d7a000-7f2138d7b000 r--p 0000b000 08:04 1052925                    /lib/x86_64-linux-gnu/libnss_files-2.21.so
7f2138d7b000-7f2138d7c000 rw-p 0000c000 08:04 1052925                    /lib/x86_64-linux-gnu/libnss_files-2.21.so
7f2138d7c000-7f2138d87000 r-xp 00000000 08:04 1052935                    /lib/x86_64-linux-gnu/libnss_nis-2.21.so
7f2138d87000-7f2138f86000 ---p 0000b000 08:04 1052935                    /lib/x86_64-linux-gnu/libnss_nis-2.21.so
7f2138f86000-7f2138f87000 r--p 0000a000 08:04 1052935                    /lib/x86_64-linux-gnu/libnss_nis-2.21.so
7f2138f87000-7f2138f88000 rw-p 0000b000 08:04 1052935                    /lib/x86_64-linux-gnu/libnss_nis-2.21.so
7f2138f88000-7f2138f9f000 r-xp 00000000 08:04 1052919                    /lib/x86_64-linux-gnu/libnsl-2.21.so
7f2138f9f000-7f213919e000 ---p 00017000 08:04 1052919                    /lib/x86_64-linux-gnu/libnsl-2.21.so
7f213919e000-7f213919f000 r--p 00016000 08:04 1052919                    /lib/x86_64-linux-gnu/libnsl-2.21.so
7f213919f000-7f21391a0000 rw-p 00017000 08:04 1052919                    /lib/x86_64-linux-gnu/libnsl-2.21.so
7f21391a0000-7f21391a2000 rw-p 00000000 00:00 0 
7f21391a2000-7f21391aa000 r-xp 00000000 08:04 1052921                    /lib/x86_64-linux-gnu/libnss_compat-2.21.so
7f21391aa000-7f21393a9000 ---p 00008000 08:04 1052921                    /lib/x86_64-linux-gnu/libnss_compat-2.21.so
7f21393a9000-7f21393aa000 r--p 00007000 08:04 1052921                    /lib/x86_64-linux-gnu/libnss_compat-2.21.so
7f21393aa000-7f21393ab000 rw-p 00008000 08:04 1052921                    /lib/x86_64-linux-gnu/libnss_compat-2.21.so
7f21393ab000-7f21393d4000 r-xp 00000000 08:04 2230698                    /usr/lib/jvm/java-7-oracle/jre/lib/amd64/libjava.so
7f21393d4000-7f21395d4000 ---p 00029000 08:04 2230698                    /usr/lib/jvm/java-7-oracle/jre/lib/amd64/libjava.so
7f21395d4000-7f21395d6000 rw-p 00029000 08:04 2230698                    /usr/lib/jvm/java-7-oracle/jre/lib/amd64/libjava.so
7f21395d6000-7f21395e3000 r-xp 00000000 08:04 2232421                    /usr/lib/jvm/java-7-oracle/jre/lib/amd64/libverify.so
7f21395e3000-7f21397e2000 ---p 0000d000 08:04 2232421                    /usr/lib/jvm/java-7-oracle/jre/lib/amd64/libverify.so
7f21397e2000-7f21397e4000 rw-p 0000c000 08:04 2232421                    /usr/lib/jvm/java-7-oracle/jre/lib/amd64/libverify.so
7f21397e4000-7f21397eb000 r-xp 00000000 08:04 1052980                    /lib/x86_64-linux-gnu/librt-2.21.so
7f21397eb000-7f21399ea000 ---p 00007000 08:04 1052980                    /lib/x86_64-linux-gnu/librt-2.21.so
7f21399ea000-7f21399eb000 r--p 00006000 08:04 1052980                    /lib/x86_64-linux-gnu/librt-2.21.so
7f21399eb000-7f21399ec000 rw-p 00007000 08:04 1052980                    /lib/x86_64-linux-gnu/librt-2.21.so
7f21399ec000-7f2139af3000 r-xp 00000000 08:04 1052898                    /lib/x86_64-linux-gnu/libm-2.21.so
7f2139af3000-7f2139cf2000 ---p 00107000 08:04 1052898                    /lib/x86_64-linux-gnu/libm-2.21.so
7f2139cf2000-7f2139cf3000 r--p 00106000 08:04 1052898                    /lib/x86_64-linux-gnu/libm-2.21.so
7f2139cf3000-7f2139cf4000 rw-p 00107000 08:04 1052898                    /lib/x86_64-linux-gnu/libm-2.21.so
7f2139cf4000-7f213a86a000 r-xp 00000000 08:04 2237236                    /usr/lib/jvm/java-7-oracle/jre/lib/amd64/server/libjvm.so
7f213a86a000-7f213aa69000 ---p 00b76000 08:04 2237236                    /usr/lib/jvm/java-7-oracle/jre/lib/amd64/server/libjvm.so
7f213aa69000-7f213ab2d000 rw-p 00b75000 08:04 2237236                    /usr/lib/jvm/java-7-oracle/jre/lib/amd64/server/libjvm.so
7f213ab2d000-7f213ab6e000 rw-p 00000000 00:00 0 
7f213ab6e000-7f213ad2e000 r-xp 00000000 08:04 1052842                    /lib/x86_64-linux-gnu/libc-2.21.so
7f213ad2e000-7f213af2e000 ---p 001c0000 08:04 1052842                    /lib/x86_64-linux-gnu/libc-2.21.so
7f213af2e000-7f213af32000 r--p 001c0000 08:04 1052842                    /lib/x86_64-linux-gnu/libc-2.21.so
7f213af32000-7f213af34000 rw-p 001c4000 08:04 1052842                    /lib/x86_64-linux-gnu/libc-2.21.so
7f213af34000-7f213af38000 rw-p 00000000 00:00 0 
7f213af38000-7f213af3b000 r-xp 00000000 08:04 1052857                    /lib/x86_64-linux-gnu/libdl-2.21.so
7f213af3b000-7f213b13a000 ---p 00003000 08:04 1052857                    /lib/x86_64-linux-gnu/libdl-2.21.so
7f213b13a000-7f213b13b000 r--p 00002000 08:04 1052857                    /lib/x86_64-linux-gnu/libdl-2.21.so
7f213b13b000-7f213b13c000 rw-p 00003000 08:04 1052857                    /lib/x86_64-linux-gnu/libdl-2.21.so
7f213b13c000-7f213b151000 r-xp 00000000 08:04 2494318                    /usr/lib/jvm/java-7-oracle/lib/amd64/jli/libjli.so
7f213b151000-7f213b350000 ---p 00015000 08:04 2494318                    /usr/lib/jvm/java-7-oracle/lib/amd64/jli/libjli.so
7f213b350000-7f213b351000 rw-p 00014000 08:04 2494318                    /usr/lib/jvm/java-7-oracle/lib/amd64/jli/libjli.so
7f213b351000-7f213b369000 r-xp 00000000 08:04 1052972                    /lib/x86_64-linux-gnu/libpthread-2.21.so
7f213b369000-7f213b569000 ---p 00018000 08:04 1052972                    /lib/x86_64-linux-gnu/libpthread-2.21.so
7f213b569000-7f213b56a000 r--p 00018000 08:04 1052972                    /lib/x86_64-linux-gnu/libpthread-2.21.so
7f213b56a000-7f213b56b000 rw-p 00019000 08:04 1052972                    /lib/x86_64-linux-gnu/libpthread-2.21.so
7f213b56b000-7f213b56f000 rw-p 00000000 00:00 0 
7f213b56f000-7f213b593000 r-xp 00000000 08:04 1052814                    /lib/x86_64-linux-gnu/ld-2.21.so
7f213b596000-7f213b5b6000 rw-p 00000000 00:00 0 
7f213b5b6000-7f213b66c000 rw-p 00000000 00:00 0 
7f213b66c000-7f213b66f000 ---p 00000000 00:00 0 
7f213b66f000-7f213b771000 rw-p 00000000 00:00 0                          [stack:4369]
7f213b773000-7f213b774000 rw-p 00000000 00:00 0 
7f213b774000-7f213b778000 r--s 0008b000 08:04 2243546                    /usr/lib/jvm/java-7-oracle/jre/lib/jsse.jar
7f213b778000-7f213b786000 r--s 000cf000 08:04 5380054                    /home/pepe/Android/Sdk/build-tools/19.1.0/lib/dx.jar
7f213b786000-7f213b78e000 rw-s 00000000 08:04 2759404                    /tmp/hsperfdata_pepe/4363
7f213b78e000-7f213b78f000 rw-p 00000000 00:00 0 
7f213b78f000-7f213b790000 ---p 00000000 00:00 0 
7f213b790000-7f213b792000 rw-p 00000000 00:00 0 
7f213b792000-7f213b793000 r--p 00023000 08:04 1052814                    /lib/x86_64-linux-gnu/ld-2.21.so
7f213b793000-7f213b794000 rw-p 00024000 08:04 1052814                    /lib/x86_64-linux-gnu/ld-2.21.so
7f213b794000-7f213b795000 rw-p 00000000 00:00 0 
7ffe4d885000-7ffe4d8a7000 rw-p 00000000 00:00 0                          [stack]
7ffe4d920000-7ffe4d922000 r--p 00000000 00:00 0                          [vvar]
7ffe4d922000-7ffe4d924000 r-xp 00000000 00:00 0                          [vdso]
ffffffffff600000-ffffffffff601000 r-xp 00000000 00:00 0                  [vsyscall]

VM Arguments:
jvm_args: -Xmx1024M -Dfile.encoding=UTF-8 -Duser.country=US -Duser.language=es -Duser.variant 
java_command: com.android.dx.command.Main --dex --output /home/pepe/AndroidStudioProjects/GoogleMapsExample/app/build/intermediates/dex/debug /home/pepe/AndroidStudioProjects/GoogleMapsExample/app/build/intermediates/classes/debug /home/pepe/AndroidStudioProjects/GoogleMapsExample/app/build/intermediates/pre-dexed/debug/support-annotations-22.2.0-bb95ee89932688ea7b439d1924f71ea26839accf.jar /home/pepe/AndroidStudioProjects/GoogleMapsExample/app/build/intermediates/pre-dexed/debug/classes-2073bf1672dd91ebd4765d8b640c2ce91e3f0823.jar /home/pepe/AndroidStudioProjects/GoogleMapsExample/app/build/intermediates/pre-dexed/debug/classes-0998666936dd4370c05cc86d619fc39c1990c1d1.jar /home/pepe/AndroidStudioProjects/GoogleMapsExample/app/build/intermediates/pre-dexed/debug/classes-48bde6e64f3e9f0033f45271af31df0916f0f313.jar /home/pepe/AndroidStudioProjects/GoogleMapsExample/app/build/intermediates/pre-dexed/debug/internal_impl-22.0.0-bcefa894c22e5acaae4cece5f7e82599d6f801a4.jar /home/pepe/AndroidStudioProjects/GoogleMapsExample/app/build/intermediates/pre-dexed/debug/classes-6f07b4917f8229fcf730bebd23df21fa8c063af5.jar /home/pepe/AndroidStudioProjects/GoogleMapsExample/app/build/intermediates/pre-dexed/debug/classes-bd667c33ecf1e47ca4f60b66eedfaee86e792028.jar /home/pepe/AndroidStudioProjects/GoogleMapsExample/app/build/intermediates/pre-dexed/debug/classes-7bb6529df36e22af7dfc9a73cff921ebcda87c46.jar /home/pepe/AndroidStudioProjects/GoogleMapsExample/app/build/intermediates/pre-dexed/debug/classes-7c37f360dce28992ce3eb0c92b63ad4a22736f13.jar /home/pepe/AndroidStudioProjects/GoogleMapsExample/app/build/intermediates/pre-dexed/debug/classes-32f0a4956cd0607ba558baffc875e5cc7cd423ce.jar /home/pepe/AndroidStudioProjects/GoogleMapsExample/app/build/intermediates/pre-dexed/debug/classes-0a7d3c762390ba66d0182613865517fa6587cd96.jar /home/pepe/AndroidStudioProjects/GoogleMapsExample/app/build/intermediates/pre-dexed/debug/classes-03d7fe9b97f5d86878656cb0327bd06f99782b1a.jar /home/p
Launcher Type: SUN_STANDARD

Environment Variables:
PATH=/usr/local/sbin:/usr/local/bin:/usr/sbin:/usr/bin:/sbin:/bin:/usr/games:/usr/local/games
LD_LIBRARY_PATH=/opt/android-studio/bin:
SHELL=/bin/bash
DISPLAY=:0

Signal Handlers:
SIGSEGV: [libjvm.so+0x9a3b20], sa_mask[0]=0x7ffbfeff, sa_flags=0x10000004
SIGBUS: [libjvm.so+0x9a3b20], sa_mask[0]=0x7ffbfeff, sa_flags=0x10000004
SIGFPE: [libjvm.so+0x81e740], sa_mask[0]=0x7ffbfeff, sa_flags=0x10000004
SIGPIPE: [libjvm.so+0x81e740], sa_mask[0]=0x7ffbfeff, sa_flags=0x10000004
SIGXFSZ: [libjvm.so+0x81e740], sa_mask[0]=0x7ffbfeff, sa_flags=0x10000004
SIGILL: [libjvm.so+0x81e740], sa_mask[0]=0x7ffbfeff, sa_flags=0x10000004
SIGUSR1: SIG_DFL, sa_mask[0]=0x00000000, sa_flags=0x00000000
SIGUSR2: [libjvm.so+0x81ffb0], sa_mask[0]=0x00000004, sa_flags=0x10000004
SIGHUP: [libjvm.so+0x8210d0], sa_mask[0]=0x7ffbfeff, sa_flags=0x10000004
SIGINT: [libjvm.so+0x8210d0], sa_mask[0]=0x7ffbfeff, sa_flags=0x10000004
SIGTERM: [libjvm.so+0x8210d0], sa_mask[0]=0x7ffbfeff, sa_flags=0x10000004
SIGQUIT: [libjvm.so+0x8210d0], sa_mask[0]=0x7ffbfeff, sa_flags=0x10000004


---------------  S Y S T E M  ---------------

OS:jessie/sid

uname:Linux 3.19.0-22-generic #22-Ubuntu SMP Tue Jun 16 17:15:15 UTC 2015 x86_64
libc:glibc 2.21 NPTL 2.21 
rlimit: STACK 8192k, CORE 0k, NPROC 14888, NOFILE 65536, AS infinity
load average:15.31 4.75 2.07

/proc/meminfo:
MemTotal:        3843092 kB
MemFree:          106848 kB
MemAvailable:      51416 kB
Buffers:             368 kB
Cached:           143392 kB
SwapCached:            0 kB
Active:          3443908 kB
Inactive:         135212 kB
Active(anon):    3441744 kB
Inactive(anon):   119172 kB
Active(file):       2164 kB
Inactive(file):    16040 kB
Unevictable:          32 kB
Mlocked:              32 kB
SwapTotal:             0 kB
SwapFree:              0 kB
Dirty:                64 kB
Writeback:            52 kB
AnonPages:       3435704 kB
Mapped:            33564 kB
Shmem:            125244 kB
Slab:              73248 kB
SReclaimable:      39860 kB
SUnreclaim:        33388 kB
KernelStack:        9824 kB
PageTables:        43172 kB
NFS_Unstable:          0 kB
Bounce:                0 kB
WritebackTmp:          0 kB
CommitLimit:     1921544 kB
Committed_AS:    6104260 kB
VmallocTotal:   34359738367 kB
VmallocUsed:      347240 kB
VmallocChunk:   34359381980 kB
HardwareCorrupted:     0 kB
AnonHugePages:   1624064 kB
CmaTotal:              0 kB
CmaFree:               0 kB
HugePages_Total:       0
HugePages_Free:        0
HugePages_Rsvd:        0
HugePages_Surp:        0
Hugepagesize:       2048 kB
DirectMap4k:      122104 kB
DirectMap2M:     3866624 kB


CPU:total 4 (2 cores per cpu, 2 threads per core) family 6 model 37 stepping 5, cmov, cx8, fxsr, mmx, sse, sse2, sse3, ssse3, sse4.1, sse4.2, popcnt, ht, tsc, tscinvbit

/proc/cpuinfo:
processor	: 0
vendor_id	: GenuineIntel
cpu family	: 6
model		: 37
model name	: Intel(R) Core(TM) i5 CPU       M 450  @ 2.40GHz
stepping	: 5
microcode	: 0x2
cpu MHz		: 2400.000
cache size	: 3072 KB
physical id	: 0
siblings	: 4
core id		: 0
cpu cores	: 2
apicid		: 0
initial apicid	: 0
fpu		: yes
fpu_exception	: yes
cpuid level	: 11
wp		: yes
flags		: fpu vme de pse tsc msr pae mce cx8 apic sep mtrr pge mca cmov pat pse36 clflush dts acpi mmx fxsr sse sse2 ss ht tm pbe syscall nx rdtscp lm constant_tsc arch_perfmon pebs bts rep_good nopl xtopology nonstop_tsc aperfmperf pni dtes64 monitor ds_cpl vmx est tm2 ssse3 cx16 xtpr pdcm pcid sse4_1 sse4_2 popcnt lahf_lm ida arat dtherm tpr_shadow vnmi flexpriority ept vpid
bugs		:
bogomips	: 4788.17
clflush size	: 64
cache_alignment	: 64
address sizes	: 36 bits physical, 48 bits virtual
power management:

processor	: 1
vendor_id	: GenuineIntel
cpu family	: 6
model		: 37
model name	: Intel(R) Core(TM) i5 CPU       M 450  @ 2.40GHz
stepping	: 5
microcode	: 0x2
cpu MHz		: 2400.000
cache size	: 3072 KB
physical id	: 0
siblings	: 4
core id		: 0
cpu cores	: 2
apicid		: 1
initial apicid	: 1
fpu		: yes
fpu_exception	: yes
cpuid level	: 11
wp		: yes
flags		: fpu vme de pse tsc msr pae mce cx8 apic sep mtrr pge mca cmov pat pse36 clflush dts acpi mmx fxsr sse sse2 ss ht tm pbe syscall nx rdtscp lm constant_tsc arch_perfmon pebs bts rep_good nopl xtopology nonstop_tsc aperfmperf pni dtes64 monitor ds_cpl vmx est tm2 ssse3 cx16 xtpr pdcm pcid sse4_1 sse4_2 popcnt lahf_lm ida arat dtherm tpr_shadow vnmi flexpriority ept vpid
bugs		:
bogomips	: 4788.17
clflush size	: 64
cache_alignment	: 64
address sizes	: 36 bits physical, 48 bits virtual
power management:

processor	: 2
vendor_id	: GenuineIntel
cpu family	: 6
model		: 37
model name	: Intel(R) Core(TM) i5 CPU       M 450  @ 2.40GHz
stepping	: 5
microcode	: 0x2
cpu MHz		: 2400.000
cache size	: 3072 KB
physical id	: 0
siblings	: 4
core id		: 2
cpu cores	: 2
apicid		: 4
initial apicid	: 4
fpu		: yes
fpu_exception	: yes
cpuid level	: 11
wp		: yes
flags		: fpu vme de pse tsc msr pae mce cx8 apic sep mtrr pge mca cmov pat pse36 clflush dts acpi mmx fxsr sse sse2 ss ht tm pbe syscall nx rdtscp lm constant_tsc arch_perfmon pebs bts rep_good nopl xtopology nonstop_tsc aperfmperf pni dtes64 monitor ds_cpl vmx est tm2 ssse3 cx16 xtpr pdcm pcid sse4_1 sse4_2 popcnt lahf_lm ida arat dtherm tpr_shadow vnmi flexpriority ept vpid
bugs		:
bogomips	: 4788.17
clflush size	: 64
cache_alignment	: 64
address sizes	: 36 bits physical, 48 bits virtual
power management:

processor	: 3
vendor_id	: GenuineIntel
cpu family	: 6
model		: 37
model name	: Intel(R) Core(TM) i5 CPU       M 450  @ 2.40GHz
stepping	: 5
microcode	: 0x2
cpu MHz		: 2400.000
cache size	: 3072 KB
physical id	: 0
siblings	: 4
core id		: 2
cpu cores	: 2
apicid		: 5
initial apicid	: 5
fpu		: yes
fpu_exception	: yes
cpuid level	: 11
wp		: yes
flags		: fpu vme de pse tsc msr pae mce cx8 apic sep mtrr pge mca cmov pat pse36 clflush dts acpi mmx fxsr sse sse2 ss ht tm pbe syscall nx rdtscp lm constant_tsc arch_perfmon pebs bts rep_good nopl xtopology nonstop_tsc aperfmperf pni dtes64 monitor ds_cpl vmx est tm2 ssse3 cx16 xtpr pdcm pcid sse4_1 sse4_2 popcnt lahf_lm ida arat dtherm tpr_shadow vnmi flexpriority ept vpid
bugs		:
bogomips	: 4788.17
clflush size	: 64
cache_alignment	: 64
address sizes	: 36 bits physical, 48 bits virtual
power management:



Memory: 4k page, physical 3843092k(106352k free), swap 0k(0k free)

vm_info: Java HotSpot(TM) 64-Bit Server VM (24.80-b11) for linux-amd64 JRE (1.7.0_80-b15), built on Apr 10 2015 19:53:14 by "java_re" with gcc 4.3.0 20080428 (Red Hat 4.3.0-8)

time: Wed Jul 22 02:53:55 2015
elapsed time: 50 seconds

